Raven 2.2.0 configured not to capture errors: No server specified, No host specified, No path specified, No public_key specified, No secret_key specified, No project_id specified, Not configured to send/capture in environment 'default'
Raven 2.2.0 configured not to capture errors: No server specified, No host specified, No path specified, No public_key specified, No secret_key specified, No project_id specified, Not configured to send/capture in environment 'default'
  [1m[35mSQL (11.4ms)[0m  [1m[35mCREATE EXTENSION IF NOT EXISTS "plpgsql"[0m
  [1m[35mSQL (47.7ms)[0m  [1m[35mCREATE EXTENSION IF NOT EXISTS "pg_stat_statements"[0m
  [1m[35m (0.2ms)[0m  [1m[35mDROP TABLE IF EXISTS "blacklisted_pull_requests" CASCADE[0m
  [1m[35m (6.9ms)[0m  [1m[35mCREATE TABLE "blacklisted_pull_requests" ("id" bigserial primary key, "full_repo_name" character varying NOT NULL, "pull_request_number" integer NOT NULL, "created_at" timestamp NOT NULL, "updated_at" timestamp NOT NULL)[0m
  [1m[35m (0.2ms)[0m  [1m[35mDROP TABLE IF EXISTS "builds" CASCADE[0m
  [1m[35m (2.8ms)[0m  [1m[35mCREATE TABLE "builds" ("id" bigserial primary key, "violations_archive" text, "repo_id" integer, "created_at" timestamp NOT NULL, "updated_at" timestamp NOT NULL, "uuid" character varying(255) NOT NULL, "pull_request_number" integer, "commit_sha" character varying(255), "payload" text, "user_id" integer, "violations_count" integer DEFAULT 0 NOT NULL)[0m
  [1m[35m (1.6ms)[0m  [1m[35mCREATE  INDEX  "index_builds_on_commit_sha_and_pull_request_number" ON "builds" USING btree ("commit_sha", "pull_request_number")[0m
  [1m[35m (1.0ms)[0m  [1m[35mCREATE  INDEX  "index_builds_on_repo_id" ON "builds" USING btree ("repo_id")[0m
  [1m[35m (1.3ms)[0m  [1m[35mCREATE UNIQUE INDEX  "index_builds_on_uuid" ON "builds" USING btree ("uuid")[0m
  [1m[35m (0.1ms)[0m  [1m[35mDROP TABLE IF EXISTS "bulk_customers" CASCADE[0m
  [1m[35m (2.6ms)[0m  [1m[35mCREATE TABLE "bulk_customers" ("id" bigserial primary key, "created_at" timestamp NOT NULL, "updated_at" timestamp NOT NULL, "org" character varying NOT NULL, "description" character varying, "interval" character varying NOT NULL, "repo_limit" integer, "current_repos" integer DEFAULT 0 NOT NULL, "subscription_token" character varying)[0m
  [1m[35m (0.8ms)[0m  [1m[35mCREATE UNIQUE INDEX  "index_bulk_customers_on_org" ON "bulk_customers" USING btree ("org")[0m
  [1m[35m (0.1ms)[0m  [1m[35mDROP TABLE IF EXISTS "file_reviews" CASCADE[0m
  [1m[35m (2.4ms)[0m  [1m[35mCREATE TABLE "file_reviews" ("id" bigserial primary key, "build_id" integer NOT NULL, "completed_at" timestamp, "created_at" timestamp NOT NULL, "updated_at" timestamp NOT NULL, "filename" character varying NOT NULL, "linter_name" character varying NOT NULL, "error" character varying)[0m
  [1m[35m (1.8ms)[0m  [1m[35mCREATE  INDEX  "index_file_reviews_on_build_id" ON "file_reviews" USING btree ("build_id")[0m
  [1m[35m (0.1ms)[0m  [1m[35mDROP TABLE IF EXISTS "memberships" CASCADE[0m
  [1m[35m (1.8ms)[0m  [1m[35mCREATE TABLE "memberships" ("id" bigserial primary key, "user_id" integer NOT NULL, "repo_id" integer NOT NULL, "created_at" timestamp NOT NULL, "updated_at" timestamp NOT NULL, "admin" boolean DEFAULT 'f' NOT NULL)[0m
  [1m[35m (1.0ms)[0m  [1m[35mCREATE  INDEX  "index_memberships_on_repo_id" ON "memberships" USING btree ("repo_id")[0m
  [1m[35m (0.8ms)[0m  [1m[35mCREATE UNIQUE INDEX  "index_memberships_on_user_id_and_repo_id" ON "memberships" USING btree ("user_id", "repo_id")[0m
  [1m[35m (0.1ms)[0m  [1m[35mDROP TABLE IF EXISTS "owners" CASCADE[0m
  [1m[35m (3.2ms)[0m  [1m[35mCREATE TABLE "owners" ("id" bigserial primary key, "created_at" timestamp NOT NULL, "updated_at" timestamp NOT NULL, "github_id" integer NOT NULL, "name" character varying NOT NULL, "organization" boolean DEFAULT 'f' NOT NULL, "config_enabled" boolean DEFAULT 'f' NOT NULL, "config_repo" character varying, "whitelisted" boolean DEFAULT 'f' NOT NULL)[0m
  [1m[35m (1.0ms)[0m  [1m[35mCREATE UNIQUE INDEX  "index_owners_on_github_id" ON "owners" USING btree ("github_id")[0m
  [1m[35m (0.9ms)[0m  [1m[35mCREATE UNIQUE INDEX  "index_owners_on_name" ON "owners" USING btree ("name")[0m
  [1m[35m (0.2ms)[0m  [1m[35mDROP TABLE IF EXISTS "repos" CASCADE[0m
  [1m[35m (1.7ms)[0m  [1m[35mCREATE TABLE "repos" ("id" bigserial primary key, "github_id" integer NOT NULL, "active" boolean DEFAULT 'f' NOT NULL, "hook_id" integer, "name" character varying(255) NOT NULL, "created_at" timestamp NOT NULL, "updated_at" timestamp NOT NULL, "private" boolean, "in_organization" boolean, "owner_id" integer)[0m
  [1m[35m (1.4ms)[0m  [1m[35mCREATE  INDEX  "index_repos_on_active" ON "repos" USING btree ("active")[0m
  [1m[35m (0.7ms)[0m  [1m[35mCREATE UNIQUE INDEX  "index_repos_on_github_id" ON "repos" USING btree ("github_id")[0m
  [1m[35m (0.8ms)[0m  [1m[35mCREATE  INDEX  "index_repos_on_name" ON "repos" USING btree ("name")[0m
  [1m[35m (0.8ms)[0m  [1m[35mCREATE  INDEX  "index_repos_on_owner_id" ON "repos" USING btree ("owner_id")[0m
  [1m[35m (0.7ms)[0m  [1m[35mDROP TABLE IF EXISTS "subscriptions" CASCADE[0m
  [1m[35m (2.4ms)[0m  [1m[35mCREATE TABLE "subscriptions" ("id" bigserial primary key, "created_at" timestamp NOT NULL, "updated_at" timestamp NOT NULL, "user_id" integer NOT NULL, "repo_id" integer NOT NULL, "stripe_subscription_id" character varying(255) NOT NULL, "deleted_at" timestamp, "price" decimal(8,2) DEFAULT '0.0' NOT NULL)[0m
  [1m[35m (0.9ms)[0m  [1m[35mCREATE UNIQUE INDEX  "index_subscriptions_on_repo_id" ON "subscriptions" USING btree ("repo_id") WHERE (deleted_at IS NULL)[0m
  [1m[35m (0.9ms)[0m  [1m[35mCREATE  INDEX  "index_subscriptions_on_user_id" ON "subscriptions" USING btree ("user_id")[0m
  [1m[35m (0.2ms)[0m  [1m[35mDROP TABLE IF EXISTS "users" CASCADE[0m
  [1m[35m (2.8ms)[0m  [1m[35mCREATE TABLE "users" ("id" bigserial primary key, "created_at" timestamp NOT NULL, "updated_at" timestamp NOT NULL, "username" character varying(255) NOT NULL, "remember_token" character varying(255) NOT NULL, "refreshing_repos" boolean DEFAULT 'f', "email" character varying(255), "stripe_customer_id" character varying(255), "token" character varying, "utm_source" character varying, "token_scopes" character varying)[0m
  [1m[35m (0.8ms)[0m  [1m[35mCREATE  INDEX  "index_users_on_remember_token" ON "users" USING btree ("remember_token")[0m
  [1m[35m (0.2ms)[0m  [1m[35mDROP TABLE IF EXISTS "violations" CASCADE[0m
  [1m[35m (3.1ms)[0m  [1m[35mCREATE TABLE "violations" ("id" bigserial primary key, "created_at" timestamp NOT NULL, "updated_at" timestamp NOT NULL, "patch_position" integer, "line_number" integer, "messages" text[] DEFAULT '{}' NOT NULL, "file_review_id" integer NOT NULL)[0m
  [1m[35m (0.8ms)[0m  [1m[35mCREATE  INDEX  "index_violations_on_file_review_id" ON "violations" USING btree ("file_review_id")[0m
  [1m[35m (3.5ms)[0m  [1m[35mALTER TABLE "file_reviews" ADD CONSTRAINT "fk_rails_b49eed49c2"
FOREIGN KEY ("build_id")
  REFERENCES "builds" ("id")
[0m
  [1m[35m (1.4ms)[0m  [1m[35mALTER TABLE "memberships" ADD CONSTRAINT "fk_rails_6a6462f765"
FOREIGN KEY ("repo_id")
  REFERENCES "repos" ("id")
[0m
  [1m[35m (1.1ms)[0m  [1m[35mALTER TABLE "memberships" ADD CONSTRAINT "fk_rails_99326fb65d"
FOREIGN KEY ("user_id")
  REFERENCES "users" ("id")
[0m
  [1m[35m (1.0ms)[0m  [1m[35mALTER TABLE "repos" ADD CONSTRAINT "fk_rails_483815476f"
FOREIGN KEY ("owner_id")
  REFERENCES "owners" ("id")
[0m
  [1m[35m (0.9ms)[0m  [1m[35mALTER TABLE "violations" ADD CONSTRAINT "fk_rails_d8e8e60dbc"
FOREIGN KEY ("file_review_id")
  REFERENCES "file_reviews" ("id")
 ON DELETE CASCADE[0m
  [1m[35m (2.2ms)[0m  [1m[35mCREATE TABLE "schema_migrations" ("version" character varying NOT NULL PRIMARY KEY)[0m
  [1m[35m (0.4ms)[0m  [1m[34mSELECT "schema_migrations"."version" FROM "schema_migrations" ORDER BY "schema_migrations"."version" ASC[0m
  [1m[35m (11.8ms)[0m  [1m[32mINSERT INTO "schema_migrations" (version) VALUES (20170911205516)[0m
  [1m[35m (33.9ms)[0m  [1m[32mINSERT INTO "schema_migrations" (version) VALUES
(20121229003013),
(20121229180151),
(20130104231409),
(20130105203331),
(20130105203459),
(20130121230036),
(20130123030036),
(20130123030453),
(20130228235811),
(20130322200146),
(20130322220351),
(20130524154558),
(20130614194012),
(20130621203400),
(20131212190854),
(20131212192202),
(20140120165453),
(20140120234919),
(20140327142505),
(20140417231853),
(20140417232711),
(20140418142740),
(20140418144357),
(20140419160756),
(20140419235609),
(20140421183905),
(20140421191318),
(20140425212732),
(20140425235458),
(20140711223828),
(20140711223913),
(20140711223957),
(20140808163844),
(20140808164104),
(20140808195409),
(20140808202140),
(20140926163029),
(20141107174021),
(20141210070831),
(20141211224528),
(20141219224840),
(20150108003045),
(20150123224104),
(20150130051749),
(20150213132248),
(20150217090319),
(20150220174603),
(20150225001118),
(20150303212157),
(20150306184045),
(20150425204143),
(20150526214750),
(20150612231322),
(20150619222741),
(20150710220040),
(20150725013530),
(20150728154011),
(20150731212842),
(20151019123908),
(20151204174817),
(20151216235118),
(20160314122828),
(20160430171015),
(20160513002940),
(20160513205551),
(20160608183021),
(20160624165658),
(20160712203443),
(20161021212135),
(20161021231021),
(20170505220736);

[0m
  [1m[35m (20.2ms)[0m  [1m[35mCREATE TABLE "ar_internal_metadata" ("key" character varying NOT NULL PRIMARY KEY, "value" character varying, "created_at" timestamp NOT NULL, "updated_at" timestamp NOT NULL)[0m
  [1m[36mActiveRecord::InternalMetadata Load (0.3ms)[0m  [1m[34mSELECT  "ar_internal_metadata".* FROM "ar_internal_metadata" WHERE "ar_internal_metadata"."key" = $1 LIMIT $2[0m  [["key", "environment"], ["LIMIT", 1]]
  [1m[35m (0.2ms)[0m  [1m[35mBEGIN[0m
  [1m[35mSQL (0.4ms)[0m  [1m[32mINSERT INTO "ar_internal_metadata" ("key", "value", "created_at", "updated_at") VALUES ($1, $2, $3, $4) RETURNING "key"[0m  [["key", "environment"], ["value", "development"], ["created_at", "2018-04-05 17:20:31.907677"], ["updated_at", "2018-04-05 17:20:31.907677"]]
  [1m[35m (0.4ms)[0m  [1m[35mCOMMIT[0m
  [1m[36mActiveRecord::InternalMetadata Load (0.2ms)[0m  [1m[34mSELECT  "ar_internal_metadata".* FROM "ar_internal_metadata" WHERE "ar_internal_metadata"."key" = $1 LIMIT $2[0m  [["key", "environment"], ["LIMIT", 1]]
  [1m[35m (0.1ms)[0m  [1m[35mBEGIN[0m
  [1m[35m (0.1ms)[0m  [1m[35mCOMMIT[0m
  [1m[35mSQL (0.3ms)[0m  [1m[35mCREATE EXTENSION IF NOT EXISTS "plpgsql"[0m
  [1m[35mSQL (5.9ms)[0m  [1m[35mCREATE EXTENSION IF NOT EXISTS "pg_stat_statements"[0m
  [1m[35m (0.2ms)[0m  [1m[35mDROP TABLE IF EXISTS "blacklisted_pull_requests" CASCADE[0m
  [1m[35m (4.0ms)[0m  [1m[35mCREATE TABLE "blacklisted_pull_requests" ("id" bigserial primary key, "full_repo_name" character varying NOT NULL, "pull_request_number" integer NOT NULL, "created_at" timestamp NOT NULL, "updated_at" timestamp NOT NULL)[0m
  [1m[35m (0.3ms)[0m  [1m[35mDROP TABLE IF EXISTS "builds" CASCADE[0m
  [1m[35m (2.9ms)[0m  [1m[35mCREATE TABLE "builds" ("id" bigserial primary key, "violations_archive" text, "repo_id" integer, "created_at" timestamp NOT NULL, "updated_at" timestamp NOT NULL, "uuid" character varying(255) NOT NULL, "pull_request_number" integer, "commit_sha" character varying(255), "payload" text, "user_id" integer, "violations_count" integer DEFAULT 0 NOT NULL)[0m
  [1m[35m (1.7ms)[0m  [1m[35mCREATE  INDEX  "index_builds_on_commit_sha_and_pull_request_number" ON "builds" USING btree ("commit_sha", "pull_request_number")[0m
  [1m[35m (1.1ms)[0m  [1m[35mCREATE  INDEX  "index_builds_on_repo_id" ON "builds" USING btree ("repo_id")[0m
  [1m[35m (0.8ms)[0m  [1m[35mCREATE UNIQUE INDEX  "index_builds_on_uuid" ON "builds" USING btree ("uuid")[0m
  [1m[35m (0.1ms)[0m  [1m[35mDROP TABLE IF EXISTS "bulk_customers" CASCADE[0m
  [1m[35m (4.1ms)[0m  [1m[35mCREATE TABLE "bulk_customers" ("id" bigserial primary key, "created_at" timestamp NOT NULL, "updated_at" timestamp NOT NULL, "org" character varying NOT NULL, "description" character varying, "interval" character varying NOT NULL, "repo_limit" integer, "current_repos" integer DEFAULT 0 NOT NULL, "subscription_token" character varying)[0m
  [1m[35m (0.9ms)[0m  [1m[35mCREATE UNIQUE INDEX  "index_bulk_customers_on_org" ON "bulk_customers" USING btree ("org")[0m
  [1m[35m (0.1ms)[0m  [1m[35mDROP TABLE IF EXISTS "file_reviews" CASCADE[0m
  [1m[35m (2.4ms)[0m  [1m[35mCREATE TABLE "file_reviews" ("id" bigserial primary key, "build_id" integer NOT NULL, "completed_at" timestamp, "created_at" timestamp NOT NULL, "updated_at" timestamp NOT NULL, "filename" character varying NOT NULL, "linter_name" character varying NOT NULL, "error" character varying)[0m
  [1m[35m (0.9ms)[0m  [1m[35mCREATE  INDEX  "index_file_reviews_on_build_id" ON "file_reviews" USING btree ("build_id")[0m
  [1m[35m (0.2ms)[0m  [1m[35mDROP TABLE IF EXISTS "memberships" CASCADE[0m
  [1m[35m (1.8ms)[0m  [1m[35mCREATE TABLE "memberships" ("id" bigserial primary key, "user_id" integer NOT NULL, "repo_id" integer NOT NULL, "created_at" timestamp NOT NULL, "updated_at" timestamp NOT NULL, "admin" boolean DEFAULT 'f' NOT NULL)[0m
  [1m[35m (1.2ms)[0m  [1m[35mCREATE  INDEX  "index_memberships_on_repo_id" ON "memberships" USING btree ("repo_id")[0m
  [1m[35m (1.0ms)[0m  [1m[35mCREATE UNIQUE INDEX  "index_memberships_on_user_id_and_repo_id" ON "memberships" USING btree ("user_id", "repo_id")[0m
  [1m[35m (0.1ms)[0m  [1m[35mDROP TABLE IF EXISTS "owners" CASCADE[0m
  [1m[35m (3.2ms)[0m  [1m[35mCREATE TABLE "owners" ("id" bigserial primary key, "created_at" timestamp NOT NULL, "updated_at" timestamp NOT NULL, "github_id" integer NOT NULL, "name" character varying NOT NULL, "organization" boolean DEFAULT 'f' NOT NULL, "config_enabled" boolean DEFAULT 'f' NOT NULL, "config_repo" character varying, "whitelisted" boolean DEFAULT 'f' NOT NULL)[0m
  [1m[35m (0.9ms)[0m  [1m[35mCREATE UNIQUE INDEX  "index_owners_on_github_id" ON "owners" USING btree ("github_id")[0m
  [1m[35m (1.0ms)[0m  [1m[35mCREATE UNIQUE INDEX  "index_owners_on_name" ON "owners" USING btree ("name")[0m
  [1m[35m (0.1ms)[0m  [1m[35mDROP TABLE IF EXISTS "repos" CASCADE[0m
  [1m[35m (2.0ms)[0m  [1m[35mCREATE TABLE "repos" ("id" bigserial primary key, "github_id" integer NOT NULL, "active" boolean DEFAULT 'f' NOT NULL, "hook_id" integer, "name" character varying(255) NOT NULL, "created_at" timestamp NOT NULL, "updated_at" timestamp NOT NULL, "private" boolean, "in_organization" boolean, "owner_id" integer)[0m
  [1m[35m (1.2ms)[0m  [1m[35mCREATE  INDEX  "index_repos_on_active" ON "repos" USING btree ("active")[0m
  [1m[35m (1.0ms)[0m  [1m[35mCREATE UNIQUE INDEX  "index_repos_on_github_id" ON "repos" USING btree ("github_id")[0m
  [1m[35m (0.9ms)[0m  [1m[35mCREATE  INDEX  "index_repos_on_name" ON "repos" USING btree ("name")[0m
  [1m[35m (0.8ms)[0m  [1m[35mCREATE  INDEX  "index_repos_on_owner_id" ON "repos" USING btree ("owner_id")[0m
  [1m[35m (0.2ms)[0m  [1m[35mDROP TABLE IF EXISTS "subscriptions" CASCADE[0m
  [1m[35m (2.4ms)[0m  [1m[35mCREATE TABLE "subscriptions" ("id" bigserial primary key, "created_at" timestamp NOT NULL, "updated_at" timestamp NOT NULL, "user_id" integer NOT NULL, "repo_id" integer NOT NULL, "stripe_subscription_id" character varying(255) NOT NULL, "deleted_at" timestamp, "price" decimal(8,2) DEFAULT '0.0' NOT NULL)[0m
  [1m[35m (1.0ms)[0m  [1m[35mCREATE UNIQUE INDEX  "index_subscriptions_on_repo_id" ON "subscriptions" USING btree ("repo_id") WHERE (deleted_at IS NULL)[0m
  [1m[35m (1.3ms)[0m  [1m[35mCREATE  INDEX  "index_subscriptions_on_user_id" ON "subscriptions" USING btree ("user_id")[0m
  [1m[35m (0.2ms)[0m  [1m[35mDROP TABLE IF EXISTS "users" CASCADE[0m
  [1m[35m (2.9ms)[0m  [1m[35mCREATE TABLE "users" ("id" bigserial primary key, "created_at" timestamp NOT NULL, "updated_at" timestamp NOT NULL, "username" character varying(255) NOT NULL, "remember_token" character varying(255) NOT NULL, "refreshing_repos" boolean DEFAULT 'f', "email" character varying(255), "stripe_customer_id" character varying(255), "token" character varying, "utm_source" character varying, "token_scopes" character varying)[0m
  [1m[35m (1.4ms)[0m  [1m[35mCREATE  INDEX  "index_users_on_remember_token" ON "users" USING btree ("remember_token")[0m
  [1m[35m (0.1ms)[0m  [1m[35mDROP TABLE IF EXISTS "violations" CASCADE[0m
  [1m[35m (2.8ms)[0m  [1m[35mCREATE TABLE "violations" ("id" bigserial primary key, "created_at" timestamp NOT NULL, "updated_at" timestamp NOT NULL, "patch_position" integer, "line_number" integer, "messages" text[] DEFAULT '{}' NOT NULL, "file_review_id" integer NOT NULL)[0m
  [1m[35m (0.9ms)[0m  [1m[35mCREATE  INDEX  "index_violations_on_file_review_id" ON "violations" USING btree ("file_review_id")[0m
  [1m[35m (2.0ms)[0m  [1m[35mALTER TABLE "file_reviews" ADD CONSTRAINT "fk_rails_b49eed49c2"
FOREIGN KEY ("build_id")
  REFERENCES "builds" ("id")
[0m
  [1m[35m (1.3ms)[0m  [1m[35mALTER TABLE "memberships" ADD CONSTRAINT "fk_rails_6a6462f765"
FOREIGN KEY ("repo_id")
  REFERENCES "repos" ("id")
[0m
  [1m[35m (1.2ms)[0m  [1m[35mALTER TABLE "memberships" ADD CONSTRAINT "fk_rails_99326fb65d"
FOREIGN KEY ("user_id")
  REFERENCES "users" ("id")
[0m
  [1m[35m (1.2ms)[0m  [1m[35mALTER TABLE "repos" ADD CONSTRAINT "fk_rails_483815476f"
FOREIGN KEY ("owner_id")
  REFERENCES "owners" ("id")
[0m
  [1m[35m (1.1ms)[0m  [1m[35mALTER TABLE "violations" ADD CONSTRAINT "fk_rails_d8e8e60dbc"
FOREIGN KEY ("file_review_id")
  REFERENCES "file_reviews" ("id")
 ON DELETE CASCADE[0m
  [1m[35m (1.9ms)[0m  [1m[35mCREATE TABLE "schema_migrations" ("version" character varying NOT NULL PRIMARY KEY)[0m
  [1m[35m (0.4ms)[0m  [1m[34mSELECT "schema_migrations"."version" FROM "schema_migrations" ORDER BY "schema_migrations"."version" ASC[0m
  [1m[35m (0.6ms)[0m  [1m[32mINSERT INTO "schema_migrations" (version) VALUES (20170911205516)[0m
  [1m[35m (1.1ms)[0m  [1m[32mINSERT INTO "schema_migrations" (version) VALUES
(20121229003013),
(20121229180151),
(20130104231409),
(20130105203331),
(20130105203459),
(20130121230036),
(20130123030036),
(20130123030453),
(20130228235811),
(20130322200146),
(20130322220351),
(20130524154558),
(20130614194012),
(20130621203400),
(20131212190854),
(20131212192202),
(20140120165453),
(20140120234919),
(20140327142505),
(20140417231853),
(20140417232711),
(20140418142740),
(20140418144357),
(20140419160756),
(20140419235609),
(20140421183905),
(20140421191318),
(20140425212732),
(20140425235458),
(20140711223828),
(20140711223913),
(20140711223957),
(20140808163844),
(20140808164104),
(20140808195409),
(20140808202140),
(20140926163029),
(20141107174021),
(20141210070831),
(20141211224528),
(20141219224840),
(20150108003045),
(20150123224104),
(20150130051749),
(20150213132248),
(20150217090319),
(20150220174603),
(20150225001118),
(20150303212157),
(20150306184045),
(20150425204143),
(20150526214750),
(20150612231322),
(20150619222741),
(20150710220040),
(20150725013530),
(20150728154011),
(20150731212842),
(20151019123908),
(20151204174817),
(20151216235118),
(20160314122828),
(20160430171015),
(20160513002940),
(20160513205551),
(20160608183021),
(20160624165658),
(20160712203443),
(20161021212135),
(20161021231021),
(20170505220736);

[0m
  [1m[35m (2.1ms)[0m  [1m[35mCREATE TABLE "ar_internal_metadata" ("key" character varying NOT NULL PRIMARY KEY, "value" character varying, "created_at" timestamp NOT NULL, "updated_at" timestamp NOT NULL)[0m
  [1m[36mActiveRecord::InternalMetadata Load (0.7ms)[0m  [1m[34mSELECT  "ar_internal_metadata".* FROM "ar_internal_metadata" WHERE "ar_internal_metadata"."key" = $1 LIMIT $2[0m  [["key", "environment"], ["LIMIT", 1]]
  [1m[35m (0.1ms)[0m  [1m[35mBEGIN[0m
  [1m[35mSQL (0.3ms)[0m  [1m[32mINSERT INTO "ar_internal_metadata" ("key", "value", "created_at", "updated_at") VALUES ($1, $2, $3, $4) RETURNING "key"[0m  [["key", "environment"], ["value", "development"], ["created_at", "2018-04-05 17:20:32.064663"], ["updated_at", "2018-04-05 17:20:32.064663"]]
  [1m[35m (0.3ms)[0m  [1m[35mCOMMIT[0m
  [1m[36mActiveRecord::InternalMetadata Load (0.2ms)[0m  [1m[34mSELECT  "ar_internal_metadata".* FROM "ar_internal_metadata" WHERE "ar_internal_metadata"."key" = $1 LIMIT $2[0m  [["key", "environment"], ["LIMIT", 1]]
  [1m[35m (0.1ms)[0m  [1m[35mBEGIN[0m
  [1m[35m (0.1ms)[0m  [1m[35mCOMMIT[0m
Raven 2.2.0 configured not to capture errors: No server specified, No host specified, No path specified, No public_key specified, No secret_key specified, No project_id specified, Not configured to send/capture in environment 'development'
Raven 2.2.0 configured not to capture errors: No server specified, No host specified, No path specified, No public_key specified, No secret_key specified, No project_id specified, Not configured to send/capture in environment 'development'
Started GET "/" for 127.0.0.1 at 2018-04-05 20:21:16 +0300
Processing by HomeController#index as HTML
  [1m[36mUser Load (0.6ms)[0m  [1m[34mSELECT  "users".* FROM "users" WHERE "users"."remember_token" IS NULL LIMIT $1[0m  [["LIMIT", 1]]
  [1m[36mCACHE User Load (0.0ms)[0m  [1m[34mSELECT  "users".* FROM "users" WHERE "users"."remember_token" IS NULL LIMIT $1[0m  [["LIMIT", 1]]
  Rendering home/index.haml within layouts/application
  Rendered collection of plans/_private.html.haml [3 times] (4.2ms)
  Rendered collection of plans/_open_source.html.haml [1 times] (2.7ms)
  Rendered home/index.haml within layouts/application (4382.4ms)
  [1m[36mCACHE User Load (0.0ms)[0m  [1m[34mSELECT  "users".* FROM "users" WHERE "users"."remember_token" IS NULL LIMIT $1[0m  [["LIMIT", 1]]
  [1m[36mCACHE User Load (0.0ms)[0m  [1m[34mSELECT  "users".* FROM "users" WHERE "users"."remember_token" IS NULL LIMIT $1[0m  [["LIMIT", 1]]
  Rendered application/_app_nav.haml (10.7ms)
  Rendered application/_footer.haml (4.3ms)
  [1m[36mCACHE User Load (0.0ms)[0m  [1m[34mSELECT  "users".* FROM "users" WHERE "users"."remember_token" IS NULL LIMIT $1[0m  [["LIMIT", 1]]
  Rendered application/_analytics.haml (4.3ms)
Completed 200 OK in 4634ms (Views: 4510.2ms | ActiveRecord: 8.5ms)


Started GET "/assets/application.self-f5f5535c28e7955792d13cfe5c4da8a2aaebde51f3d2bdda1232ab36dc1d2b08.css?body=1" for 127.0.0.1 at 2018-04-05 20:21:20 +0300
Started GET "/assets/languages/elixir-a52f8777b97620afd91318cff24360093a8ead07cb0407bc728077b8987de3b1.svg" for 127.0.0.1 at 2018-04-05 20:21:20 +0300
Started GET "/assets/languages/go-ea28a95cc5290b7eace29761df5770f6eef2253e0c2c73c08e11c266c4e1f5db.svg" for 127.0.0.1 at 2018-04-05 20:21:20 +0300
Started GET "/assets/languages/haml-8e5bd50889d229ec577d39b09c163a5b5e7ec40f82a25b74d6c013c7ad5da918.svg" for 127.0.0.1 at 2018-04-05 20:21:20 +0300
Started GET "/assets/languages/javascript-6483091b4543ff6cb79e55a5b39be5859bfc2033889791932b38d67ab86d0cc6.svg" for 127.0.0.1 at 2018-04-05 20:21:21 +0300
Started GET "/assets/languages/python-2ee1a57129a048bd2fc51e0b27f0a8ae98a7560f7de20f67b31c51325150c824.svg" for 127.0.0.1 at 2018-04-05 20:21:21 +0300
Started GET "/assets/languages/ruby-19eb3bb630d14f6fbadd26a326a9d09de324aabef8a798e1a0ae1b51a5053287.svg" for 127.0.0.1 at 2018-04-05 20:21:21 +0300
Started GET "/assets/languages/sass-59ea13fec92a01b87be42a5a8c1814f0b2ff994ca066c40907b2b2eb5b3284ca.svg" for 127.0.0.1 at 2018-04-05 20:21:21 +0300
Started GET "/assets/languages/swift-2ae1555afd4e0e00b2f93563f23efc60d17ce9d6e04473fe8b786ad83caeb0b2.svg" for 127.0.0.1 at 2018-04-05 20:21:21 +0300
Started GET "/assets/languages/typescript-6c929eea6b6164c53da599794fac5244d39b34bda4dc90cdfd1566873ada6f71.svg" for 127.0.0.1 at 2018-04-05 20:21:21 +0300
Started GET "/assets/home-page/hound_flow-e2ed46a7d9ff4d063128da9559ec58e2f9d6f48c8a77553cea56dedf8487c5d3.png" for 127.0.0.1 at 2018-04-05 20:21:21 +0300
Started GET "/assets/home-page/review_example-c05df82297bbb6512dfaf1e8c2a2398c1cb9af893073a107b5e7ebc34460a43d.png" for 127.0.0.1 at 2018-04-05 20:21:21 +0300
Started GET "/assets/home-page/guides-2be6817cfcf08cc3e2a94968be71e91d742bc0af61b07986ddbd1e28913068d6.png" for 127.0.0.1 at 2018-04-05 20:21:21 +0300
Started GET "/assets/languages/coffeescript-efe55b6bcc4f050d9238253c9975e072bc6cce648cfb953fd90cc5bcc00792ec.svg" for 127.0.0.1 at 2018-04-05 20:21:21 +0300
Started GET "/assets/jquery3.self-06c43429d1047ce3f355da574d8a9750209971b8b1b8f264f91f5518c5fcc060.js?body=1" for 127.0.0.1 at 2018-04-05 20:21:21 +0300
Started GET "/assets/jquery_ujs.self-784a997f6726036b1993eb2217c9cb558e1cbb801c6da88105588c56f13b466a.js?body=1" for 127.0.0.1 at 2018-04-05 20:21:21 +0300
Started GET "/assets/application.self-6a3cf5192354f71615ac51034b3e97c20eda99643fcaf5bbe6d41ad59bd12167.js?body=1" for 127.0.0.1 at 2018-04-05 20:21:21 +0300
Started GET "/assets/namespaced.self-f01e0ab2351c4b082f2b0a229c3c1d1fbaf2b5ddffc4c646c51c15f6082d4c17.js?body=1" for 127.0.0.1 at 2018-04-05 20:21:21 +0300
Started GET "/assets/pricing_pattern-384be8c14b10d25b4013c7c9d1161866946331d65f7775085e8a1b98197c5a03.svg" for 127.0.0.1 at 2018-04-05 20:21:22 +0300
Started GET "/assets/pricing_pattern_os-c5beb09d664dec911a31b484a70355b750219b9a97e1f172f38fc0c58f539780.svg" for 127.0.0.1 at 2018-04-05 20:21:22 +0300
Started GET "/configuration" for 127.0.0.1 at 2018-04-05 20:21:51 +0300
Processing by PagesController#configuration as HTML
  Rendering pages/configuration.haml within layouts/application
  Rendered pages/configuration.haml within layouts/application (37.9ms)
  [1m[36mUser Load (0.7ms)[0m  [1m[34mSELECT  "users".* FROM "users" WHERE "users"."remember_token" IS NULL LIMIT $1[0m  [["LIMIT", 1]]
  [1m[36mCACHE User Load (0.0ms)[0m  [1m[34mSELECT  "users".* FROM "users" WHERE "users"."remember_token" IS NULL LIMIT $1[0m  [["LIMIT", 1]]
  Rendered application/_app_nav.haml (155.8ms)
  Rendered application/_footer.haml (3.2ms)
  [1m[36mCACHE User Load (0.0ms)[0m  [1m[34mSELECT  "users".* FROM "users" WHERE "users"."remember_token" IS NULL LIMIT $1[0m  [["LIMIT", 1]]
  Rendered application/_analytics.haml (4.2ms)
Completed 200 OK in 389ms (Views: 380.0ms | ActiveRecord: 9.4ms)


Started GET "/auth/github" for 127.0.0.1 at 2018-04-05 20:21:59 +0300
(github) Setup endpoint detected, running now.
(github) Request phase initiated.
Started GET "/auth/github" for 127.0.0.1 at 2018-04-05 20:23:32 +0300
(github) Setup endpoint detected, running now.
(github) Request phase initiated.
Started GET "/auth/github" for 127.0.0.1 at 2018-04-05 20:23:46 +0300
(github) Setup endpoint detected, running now.
(github) Request phase initiated.
Raven 2.2.0 configured not to capture errors: No server specified, No host specified, No path specified, No public_key specified, No secret_key specified, No project_id specified, Not configured to send/capture in environment 'default'
Raven 2.2.0 configured not to capture errors: No server specified, No host specified, No path specified, No public_key specified, No secret_key specified, No project_id specified, Not configured to send/capture in environment 'default'
Raven 2.2.0 configured not to capture errors: No server specified, No host specified, No path specified, No public_key specified, No secret_key specified, No project_id specified, Not configured to send/capture in environment 'default'
Raven 2.2.0 configured not to capture errors: No server specified, No host specified, No path specified, No public_key specified, No secret_key specified, No project_id specified, Not configured to send/capture in environment 'default'
Raven 2.2.0 configured not to capture errors: No server specified, No host specified, No path specified, No public_key specified, No secret_key specified, No project_id specified, Not configured to send/capture in environment 'default'
Raven 2.2.0 configured not to capture errors: No server specified, No host specified, No path specified, No public_key specified, No secret_key specified, No project_id specified, Not configured to send/capture in environment 'default'
Raven 2.2.0 configured not to capture errors: No server specified, No host specified, No path specified, No public_key specified, No secret_key specified, No project_id specified, Not configured to send/capture in environment 'development'
Raven 2.2.0 configured not to capture errors: No server specified, No host specified, No path specified, No public_key specified, No secret_key specified, No project_id specified, Not configured to send/capture in environment 'development'
Started GET "/" for 127.0.0.1 at 2018-04-06 01:17:37 +0300
Processing by HomeController#index as HTML
  [1m[36mUser Load (0.9ms)[0m  [1m[34mSELECT  "users".* FROM "users" WHERE "users"."remember_token" IS NULL LIMIT $1[0m  [["LIMIT", 1]]
  [1m[36mCACHE User Load (0.0ms)[0m  [1m[34mSELECT  "users".* FROM "users" WHERE "users"."remember_token" IS NULL LIMIT $1[0m  [["LIMIT", 1]]
  Rendering home/index.haml within layouts/application
  Rendered collection of plans/_private.html.haml [3 times] (2.5ms)
  Rendered collection of plans/_open_source.html.haml [1 times] (1.7ms)
  Rendered home/index.haml within layouts/application (404.4ms)
  [1m[36mCACHE User Load (0.0ms)[0m  [1m[34mSELECT  "users".* FROM "users" WHERE "users"."remember_token" IS NULL LIMIT $1[0m  [["LIMIT", 1]]
  [1m[36mCACHE User Load (0.0ms)[0m  [1m[34mSELECT  "users".* FROM "users" WHERE "users"."remember_token" IS NULL LIMIT $1[0m  [["LIMIT", 1]]
  Rendered application/_app_nav.haml (8.0ms)
  Rendered application/_footer.haml (4.1ms)
  [1m[36mCACHE User Load (0.0ms)[0m  [1m[34mSELECT  "users".* FROM "users" WHERE "users"."remember_token" IS NULL LIMIT $1[0m  [["LIMIT", 1]]
  Rendered application/_analytics.haml (4.5ms)
Completed 200 OK in 719ms (Views: 483.8ms | ActiveRecord: 63.9ms)


Started GET "/assets/application.self-6a3cf5192354f71615ac51034b3e97c20eda99643fcaf5bbe6d41ad59bd12167.js?body=1" for 127.0.0.1 at 2018-04-06 01:17:38 +0300
Started GET "/assets/languages/python-2ee1a57129a048bd2fc51e0b27f0a8ae98a7560f7de20f67b31c51325150c824.svg" for 127.0.0.1 at 2018-04-06 01:17:38 +0300
Started GET "/assets/home-page/review_example-c05df82297bbb6512dfaf1e8c2a2398c1cb9af893073a107b5e7ebc34460a43d.png" for 127.0.0.1 at 2018-04-06 01:17:38 +0300
Started GET "/assets/languages/swift-2ae1555afd4e0e00b2f93563f23efc60d17ce9d6e04473fe8b786ad83caeb0b2.svg" for 127.0.0.1 at 2018-04-06 01:17:38 +0300
Started GET "/assets/jquery_ujs.self-784a997f6726036b1993eb2217c9cb558e1cbb801c6da88105588c56f13b466a.js?body=1" for 127.0.0.1 at 2018-04-06 01:17:38 +0300
Started GET "/assets/pricing_pattern-384be8c14b10d25b4013c7c9d1161866946331d65f7775085e8a1b98197c5a03.svg" for 127.0.0.1 at 2018-04-06 01:17:39 +0300
Started GET "/assets/pricing_pattern_os-c5beb09d664dec911a31b484a70355b750219b9a97e1f172f38fc0c58f539780.svg" for 127.0.0.1 at 2018-04-06 01:17:39 +0300
Started GET "/auth/github" for 127.0.0.1 at 2018-04-06 01:17:44 +0300
(github) Setup endpoint detected, running now.
(github) Request phase initiated.
Raven 2.2.0 configured not to capture errors: No server specified, No host specified, No path specified, No public_key specified, No secret_key specified, No project_id specified, Not configured to send/capture in environment 'development'
Raven 2.2.0 configured not to capture errors: No server specified, No host specified, No path specified, No public_key specified, No secret_key specified, No project_id specified, Not configured to send/capture in environment 'development'
Started GET "/auth/github" for 127.0.0.1 at 2018-04-06 01:20:30 +0300
(github) Setup endpoint detected, running now.
(github) Request phase initiated.
Started GET "/" for 127.0.0.1 at 2018-04-06 01:22:07 +0300
Processing by HomeController#index as HTML
  [1m[36mUser Load (0.6ms)[0m  [1m[34mSELECT  "users".* FROM "users" WHERE "users"."remember_token" IS NULL LIMIT $1[0m  [["LIMIT", 1]]
  [1m[36mCACHE User Load (0.0ms)[0m  [1m[34mSELECT  "users".* FROM "users" WHERE "users"."remember_token" IS NULL LIMIT $1[0m  [["LIMIT", 1]]
  Rendering home/index.haml within layouts/application
  Rendered collection of plans/_private.html.haml [3 times] (2.5ms)
  Rendered collection of plans/_open_source.html.haml [1 times] (2.1ms)
  Rendered home/index.haml within layouts/application (369.2ms)
  [1m[36mCACHE User Load (0.0ms)[0m  [1m[34mSELECT  "users".* FROM "users" WHERE "users"."remember_token" IS NULL LIMIT $1[0m  [["LIMIT", 1]]
  [1m[36mCACHE User Load (0.0ms)[0m  [1m[34mSELECT  "users".* FROM "users" WHERE "users"."remember_token" IS NULL LIMIT $1[0m  [["LIMIT", 1]]
  Rendered application/_app_nav.haml (7.4ms)
  Rendered application/_footer.haml (2.9ms)
  [1m[36mCACHE User Load (0.0ms)[0m  [1m[34mSELECT  "users".* FROM "users" WHERE "users"."remember_token" IS NULL LIMIT $1[0m  [["LIMIT", 1]]
  Rendered application/_analytics.haml (3.6ms)
Completed 200 OK in 573ms (Views: 441.9ms | ActiveRecord: 11.1ms)


Raven 2.2.0 configured not to capture errors: No server specified, No host specified, No path specified, No public_key specified, No secret_key specified, No project_id specified, Not configured to send/capture in environment 'development'
Raven 2.2.0 configured not to capture errors: No server specified, No host specified, No path specified, No public_key specified, No secret_key specified, No project_id specified, Not configured to send/capture in environment 'development'
Started GET "/" for 127.0.0.1 at 2018-04-06 01:23:33 +0300
Processing by HomeController#index as HTML
  [1m[36mUser Load (0.7ms)[0m  [1m[34mSELECT  "users".* FROM "users" WHERE "users"."remember_token" IS NULL LIMIT $1[0m  [["LIMIT", 1]]
  [1m[36mCACHE User Load (0.0ms)[0m  [1m[34mSELECT  "users".* FROM "users" WHERE "users"."remember_token" IS NULL LIMIT $1[0m  [["LIMIT", 1]]
  Rendering home/index.haml within layouts/application
  Rendered collection of plans/_private.html.haml [3 times] (3.0ms)
  Rendered collection of plans/_open_source.html.haml [1 times] (1.8ms)
  Rendered home/index.haml within layouts/application (313.4ms)
  [1m[36mCACHE User Load (0.0ms)[0m  [1m[34mSELECT  "users".* FROM "users" WHERE "users"."remember_token" IS NULL LIMIT $1[0m  [["LIMIT", 1]]
  [1m[36mCACHE User Load (0.0ms)[0m  [1m[34mSELECT  "users".* FROM "users" WHERE "users"."remember_token" IS NULL LIMIT $1[0m  [["LIMIT", 1]]
  Rendered application/_app_nav.haml (8.0ms)
  Rendered application/_footer.haml (3.2ms)
  [1m[36mCACHE User Load (0.0ms)[0m  [1m[34mSELECT  "users".* FROM "users" WHERE "users"."remember_token" IS NULL LIMIT $1[0m  [["LIMIT", 1]]
  Rendered application/_analytics.haml (4.1ms)
Completed 200 OK in 492ms (Views: 379.0ms | ActiveRecord: 8.6ms)


Started GET "/auth/github" for 127.0.0.1 at 2018-04-06 01:23:37 +0300
(github) Setup endpoint detected, running now.
(github) Request phase initiated.
Started GET "/auth/github" for 127.0.0.1 at 2018-04-06 01:24:00 +0300
(github) Setup endpoint detected, running now.
(github) Request phase initiated.
Raven 2.2.0 configured not to capture errors: No server specified, No host specified, No path specified, No public_key specified, No secret_key specified, No project_id specified, Not configured to send/capture in environment 'development'
Raven 2.2.0 configured not to capture errors: No server specified, No host specified, No path specified, No public_key specified, No secret_key specified, No project_id specified, Not configured to send/capture in environment 'development'
Started GET "/auth/github" for 127.0.0.1 at 2018-04-06 01:27:28 +0300
(github) Setup endpoint detected, running now.
(github) Request phase initiated.
Raven 2.2.0 configured not to capture errors: No server specified, No host specified, No path specified, No public_key specified, No secret_key specified, No project_id specified, Not configured to send/capture in environment 'development'
Raven 2.2.0 configured not to capture errors: No server specified, No host specified, No path specified, No public_key specified, No secret_key specified, No project_id specified, Not configured to send/capture in environment 'development'
Raven 2.2.0 configured not to capture errors: No server specified, No host specified, No path specified, No public_key specified, No secret_key specified, No project_id specified, Not configured to send/capture in environment 'development'
Raven 2.2.0 configured not to capture errors: No server specified, No host specified, No path specified, No public_key specified, No secret_key specified, No project_id specified, Not configured to send/capture in environment 'development'
Raven 2.2.0 configured not to capture errors: No server specified, No host specified, No path specified, No public_key specified, No secret_key specified, No project_id specified, Not configured to send/capture in environment 'development'
Raven 2.2.0 configured not to capture errors: No server specified, No host specified, No path specified, No public_key specified, No secret_key specified, No project_id specified, Not configured to send/capture in environment 'development'
Raven 2.2.0 configured not to capture errors: No server specified, No host specified, No path specified, No public_key specified, No secret_key specified, No project_id specified, Not configured to send/capture in environment 'development'
Raven 2.2.0 configured not to capture errors: No server specified, No host specified, No path specified, No public_key specified, No secret_key specified, No project_id specified, Not configured to send/capture in environment 'development'
Raven 2.2.0 configured not to capture errors: No server specified, No host specified, No path specified, No public_key specified, No secret_key specified, No project_id specified, Not configured to send/capture in environment 'development'
Raven 2.2.0 configured not to capture errors: No server specified, No host specified, No path specified, No public_key specified, No secret_key specified, No project_id specified, Not configured to send/capture in environment 'development'
Raven 2.2.0 configured not to capture errors: No server specified, No host specified, No path specified, No public_key specified, No secret_key specified, No project_id specified, Not configured to send/capture in environment 'default'
Raven 2.2.0 configured not to capture errors: No server specified, No host specified, No path specified, No public_key specified, No secret_key specified, No project_id specified, Not configured to send/capture in environment 'default'
Raven 2.2.0 configured not to capture errors: No server specified, No host specified, No path specified, No public_key specified, No secret_key specified, No project_id specified, Not configured to send/capture in environment 'development'
Raven 2.2.0 configured not to capture errors: No server specified, No host specified, No path specified, No public_key specified, No secret_key specified, No project_id specified, Not configured to send/capture in environment 'development'
Raven 2.2.0 configured not to capture errors: No server specified, No host specified, No path specified, No public_key specified, No secret_key specified, No project_id specified, Not configured to send/capture in environment 'development'
Raven 2.2.0 configured not to capture errors: No server specified, No host specified, No path specified, No public_key specified, No secret_key specified, No project_id specified, Not configured to send/capture in environment 'development'
Started GET "/" for 127.0.0.1 at 2018-04-06 19:30:01 +0300
Processing by HomeController#index as HTML
  [1m[36mUser Load (1.0ms)[0m  [1m[34mSELECT  "users".* FROM "users" WHERE "users"."remember_token" IS NULL LIMIT $1[0m  [["LIMIT", 1]]
  [1m[36mCACHE User Load (0.0ms)[0m  [1m[34mSELECT  "users".* FROM "users" WHERE "users"."remember_token" IS NULL LIMIT $1[0m  [["LIMIT", 1]]
  Rendering home/index.haml within layouts/application
  Rendered collection of plans/_private.html.haml [3 times] (2.3ms)
  Rendered collection of plans/_open_source.html.haml [1 times] (2.0ms)
  Rendered home/index.haml within layouts/application (444.7ms)
  [1m[36mCACHE User Load (0.1ms)[0m  [1m[34mSELECT  "users".* FROM "users" WHERE "users"."remember_token" IS NULL LIMIT $1[0m  [["LIMIT", 1]]
  [1m[36mCACHE User Load (0.0ms)[0m  [1m[34mSELECT  "users".* FROM "users" WHERE "users"."remember_token" IS NULL LIMIT $1[0m  [["LIMIT", 1]]
  Rendered application/_app_nav.haml (22.1ms)
  Rendered application/_footer.haml (6.4ms)
  [1m[36mCACHE User Load (0.0ms)[0m  [1m[34mSELECT  "users".* FROM "users" WHERE "users"."remember_token" IS NULL LIMIT $1[0m  [["LIMIT", 1]]
  Rendered application/_analytics.haml (4.2ms)
Completed 200 OK in 763ms (Views: 537.2ms | ActiveRecord: 64.9ms)


Started GET "/assets/application.self-f5f5535c28e7955792d13cfe5c4da8a2aaebde51f3d2bdda1232ab36dc1d2b08.css?body=1" for 127.0.0.1 at 2018-04-06 19:30:02 +0300
Started GET "/assets/application.self-6a3cf5192354f71615ac51034b3e97c20eda99643fcaf5bbe6d41ad59bd12167.js?body=1" for 127.0.0.1 at 2018-04-06 19:30:02 +0300
Started GET "/assets/jquery3.self-06c43429d1047ce3f355da574d8a9750209971b8b1b8f264f91f5518c5fcc060.js?body=1" for 127.0.0.1 at 2018-04-06 19:30:02 +0300
Started GET "/assets/languages/javascript-6483091b4543ff6cb79e55a5b39be5859bfc2033889791932b38d67ab86d0cc6.svg" for 127.0.0.1 at 2018-04-06 19:30:02 +0300
Started GET "/assets/languages/swift-2ae1555afd4e0e00b2f93563f23efc60d17ce9d6e04473fe8b786ad83caeb0b2.svg" for 127.0.0.1 at 2018-04-06 19:30:02 +0300
Started GET "/auth/github/callback?code=b4e383a98291b5f2257d&state=d7c85042dc26a9d98f5bcce0d852a531fb499677fbdac1a5" for 127.0.0.1 at 2018-04-06 19:30:08 +0300
(github) Setup endpoint detected, running now.
(github) Callback phase initiated.
(github) Authentication failure! invalid_credentials: OAuth2::Error, redirect_uri_mismatch: The redirect_uri MUST match the registered callback URL for this application.
error=redirect_uri_mismatch&error_description=The+redirect_uri+MUST+match+the+registered+callback+URL+for+this+application.&error_uri=https%3A%2F%2Fdeveloper.github.com%2Fapps%2Fmanaging-oauth-apps%2Ftroubleshooting-authorization-request-errors%2F%23redirect-uri-mismatch2
redirect_uri_mismatch: The redirect_uri MUST match the registered callback URL for this application.
error=redirect_uri_mismatch&error_description=The+redirect_uri+MUST+match+the+registered+callback+URL+for+this+application.&error_uri=https%3A%2F%2Fdeveloper.github.com%2Fapps%2Fmanaging-oauth-apps%2Ftroubleshooting-authorization-request-errors%2F%23redirect-uri-mismatch2 excluded from capture: No server specified, No host specified, No path specified, No public_key specified, No secret_key specified, No project_id specified, Not configured to send/capture in environment 'development'
  
OAuth2::Error (redirect_uri_mismatch: The redirect_uri MUST match the registered callback URL for this application.
error=redirect_uri_mismatch&error_description=The+redirect_uri+MUST+match+the+registered+callback+URL+for+this+application.&error_uri=https%3A%2F%2Fdeveloper.github.com%2Fapps%2Fmanaging-oauth-apps%2Ftroubleshooting-authorization-request-errors%2F%23redirect-uri-mismatch2):
  
lib/redirect_to_configuration.rb:16:in `call'
Raven 2.2.0 configured not to capture errors: No server specified, No host specified, No path specified, No public_key specified, No secret_key specified, No project_id specified, Not configured to send/capture in environment 'development'
Raven 2.2.0 configured not to capture errors: No server specified, No host specified, No path specified, No public_key specified, No secret_key specified, No project_id specified, Not configured to send/capture in environment 'development'
